<?xml version="1.0" encoding="UTF-8"?>
<testsuite name="com.example.springBootaws.SpringBootAwsApplicationTests" tests="1" skipped="0" failures="0" errors="0" timestamp="2022-12-10T11:56:08" hostname="HSJ" time="0.319">
  <properties/>
  <testcase name="contextLoads()" classname="com.example.springBootaws.SpringBootAwsApplicationTests" time="0.319"/>
  <system-out><![CDATA[2022-12-10 20:56:00.852  INFO 12104 --- [    Test worker] .b.t.c.SpringBootTestContextBootstrapper : Neither @ContextConfiguration nor @ContextHierarchy found for test class [com.example.springBootaws.SpringBootAwsApplicationTests], using SpringBootContextLoader
2022-12-10 20:56:00.854  INFO 12104 --- [    Test worker] o.s.t.c.support.AbstractContextLoader    : Could not detect default resource locations for test class [com.example.springBootaws.SpringBootAwsApplicationTests]: no resource found for suffixes {-context.xml, Context.groovy}.
2022-12-10 20:56:00.854  INFO 12104 --- [    Test worker] t.c.s.AnnotationConfigContextLoaderUtils : Could not detect default configuration classes for test class [com.example.springBootaws.SpringBootAwsApplicationTests]: SpringBootAwsApplicationTests does not declare any static, non-private, non-final, nested classes annotated with @Configuration.
2022-12-10 20:56:00.859  INFO 12104 --- [    Test worker] .b.t.c.SpringBootTestContextBootstrapper : Found @SpringBootConfiguration com.example.springBootaws.SpringBootAwsApplication for test class com.example.springBootaws.SpringBootAwsApplicationTests
2022-12-10 20:56:00.865  INFO 12104 --- [    Test worker] .b.t.c.SpringBootTestContextBootstrapper : Loaded default TestExecutionListener class names from location [META-INF/spring.factories]: [org.springframework.boot.test.autoconfigure.restdocs.RestDocsTestExecutionListener, org.springframework.boot.test.autoconfigure.web.client.MockRestServiceServerResetTestExecutionListener, org.springframework.boot.test.autoconfigure.web.servlet.MockMvcPrintOnlyOnFailureTestExecutionListener, org.springframework.boot.test.autoconfigure.web.servlet.WebDriverTestExecutionListener, org.springframework.boot.test.autoconfigure.webservices.client.MockWebServiceServerTestExecutionListener, org.springframework.boot.test.mock.mockito.MockitoTestExecutionListener, org.springframework.boot.test.mock.mockito.ResetMocksTestExecutionListener, org.springframework.test.context.web.ServletTestExecutionListener, org.springframework.test.context.support.DirtiesContextBeforeModesTestExecutionListener, org.springframework.test.context.event.ApplicationEventsTestExecutionListener, org.springframework.test.context.support.DependencyInjectionTestExecutionListener, org.springframework.test.context.support.DirtiesContextTestExecutionListener, org.springframework.test.context.transaction.TransactionalTestExecutionListener, org.springframework.test.context.jdbc.SqlScriptsTestExecutionListener, org.springframework.test.context.event.EventPublishingTestExecutionListener]
2022-12-10 20:56:00.866  INFO 12104 --- [    Test worker] .b.t.c.SpringBootTestContextBootstrapper : Using TestExecutionListeners: [org.springframework.test.context.web.ServletTestExecutionListener@15986dd5, org.springframework.test.context.support.DirtiesContextBeforeModesTestExecutionListener@678a9516, org.springframework.test.context.event.ApplicationEventsTestExecutionListener@5bf9ea6b, org.springframework.boot.test.mock.mockito.MockitoTestExecutionListener@b950f82, org.springframework.boot.test.autoconfigure.SpringBootDependencyInjectionTestExecutionListener@5d352de0, org.springframework.test.context.support.DirtiesContextTestExecutionListener@6e243175, org.springframework.test.context.transaction.TransactionalTestExecutionListener@7a1a3468, org.springframework.test.context.jdbc.SqlScriptsTestExecutionListener@59d0cdb6, org.springframework.test.context.event.EventPublishingTestExecutionListener@2dfeb141, org.springframework.boot.test.autoconfigure.restdocs.RestDocsTestExecutionListener@629e8212, org.springframework.boot.test.autoconfigure.web.client.MockRestServiceServerResetTestExecutionListener@498c535d, org.springframework.boot.test.autoconfigure.web.servlet.MockMvcPrintOnlyOnFailureTestExecutionListener@16ee9aa7, org.springframework.boot.test.autoconfigure.web.servlet.WebDriverTestExecutionListener@4e424582, org.springframework.boot.test.autoconfigure.webservices.client.MockWebServiceServerTestExecutionListener@58dad04a, org.springframework.boot.test.mock.mockito.ResetMocksTestExecutionListener@73e776b7]

  .   ____          _            __ _ _
 /\\ / ___'_ __ _ _(_)_ __  __ _ \ \ \ \
( ( )\___ | '_ | '_| | '_ \/ _` | \ \ \ \
 \\/  ___)| |_)| | | | | || (_| |  ) ) ) )
  '  |____| .__|_| |_|_| |_\__, | / / / /
 =========|_|==============|___/=/_/_/_/
 :: Spring Boot ::                (v2.7.1)

2022-12-10 20:56:00.913  INFO 12104 --- [    Test worker] c.e.s.SpringBootAwsApplicationTests      : Starting SpringBootAwsApplicationTests using Java 11.0.15 on hsj with PID 12104 (started by hsj99 in C:\Users\hsj99\SpringBoot_Aws\springBoot-aws)
2022-12-10 20:56:00.913  INFO 12104 --- [    Test worker] c.e.s.SpringBootAwsApplicationTests      : The following 1 profile is active: "oauth"
2022-12-10 20:56:01.336  INFO 12104 --- [    Test worker] .s.d.r.c.RepositoryConfigurationDelegate : Bootstrapping Spring Data JPA repositories in DEFAULT mode.
2022-12-10 20:56:01.415  INFO 12104 --- [    Test worker] .s.d.r.c.RepositoryConfigurationDelegate : Finished Spring Data repository scanning in 69 ms. Found 2 JPA repository interfaces.
2022-12-10 20:56:01.795  INFO 12104 --- [    Test worker] com.zaxxer.hikari.HikariDataSource       : HikariPool-1 - Starting...
2022-12-10 20:56:02.100  INFO 12104 --- [    Test worker] com.zaxxer.hikari.HikariDataSource       : HikariPool-1 - Start completed.
2022-12-10 20:56:02.294  INFO 12104 --- [    Test worker] o.hibernate.jpa.internal.util.LogHelper  : HHH000204: Processing PersistenceUnitInfo [name: default]
2022-12-10 20:56:02.378  INFO 12104 --- [    Test worker] org.hibernate.Version                    : HHH000412: Hibernate ORM core version 5.6.9.Final
2022-12-10 20:56:02.685  INFO 12104 --- [    Test worker] o.hibernate.annotations.common.Version   : HCANN000001: Hibernate Commons Annotations {5.1.2.Final}
2022-12-10 20:56:02.861  INFO 12104 --- [    Test worker] org.hibernate.dialect.Dialect            : HHH000400: Using dialect: org.hibernate.dialect.MySQL57InnoDBDialect
Hibernate: 
    
    drop table if exists posts
Hibernate: 
    
    drop table if exists users
Hibernate: 
    
    create table posts (
       id bigint not null auto_increment,
        create_date datetime(6),
        modified_date datetime(6),
        author varchar(255) not null,
        content longtext not null,
        title varchar(500) not null,
        primary key (id)
    ) engine=InnoDB
Hibernate: 
    
    create table users (
       id bigint not null auto_increment,
        create_date datetime(6),
        modified_date datetime(6),
        email varchar(255) not null,
        name varchar(255) not null,
        picture varchar(255),
        role varchar(255) not null,
        primary key (id)
    ) engine=InnoDB
2022-12-10 20:56:03.796  INFO 12104 --- [    Test worker] o.h.e.t.j.p.i.JtaPlatformInitiator       : HHH000490: Using JtaPlatform implementation: [org.hibernate.engine.transaction.jta.platform.internal.NoJtaPlatform]
2022-12-10 20:56:03.814  INFO 12104 --- [    Test worker] j.LocalContainerEntityManagerFactoryBean : Initialized JPA EntityManagerFactory for persistence unit 'default'
2022-12-10 20:56:05.799  INFO 12104 --- [    Test worker] o.s.s.web.DefaultSecurityFilterChain     : Will secure any request with [org.springframework.security.web.session.DisableEncodeUrlFilter@4e77f29e, org.springframework.security.web.context.request.async.WebAsyncManagerIntegrationFilter@1a598e30, org.springframework.security.web.context.SecurityContextPersistenceFilter@4446a191, org.springframework.security.web.header.HeaderWriterFilter@31428f76, org.springframework.security.web.authentication.logout.LogoutFilter@12a7515b, org.springframework.security.oauth2.client.web.OAuth2AuthorizationRequestRedirectFilter@69c335c4, org.springframework.security.oauth2.client.web.OAuth2LoginAuthenticationFilter@3b3dc752, org.springframework.security.web.authentication.ui.DefaultLoginPageGeneratingFilter@51d6c42d, org.springframework.security.web.authentication.ui.DefaultLogoutPageGeneratingFilter@6768dc74, org.springframework.security.web.savedrequest.RequestCacheAwareFilter@1a865ebf, org.springframework.security.web.servletapi.SecurityContextHolderAwareRequestFilter@6b3d3e57, org.springframework.security.web.authentication.AnonymousAuthenticationFilter@31dbca5d, org.springframework.security.web.session.SessionManagementFilter@63ff861e, org.springframework.security.web.access.ExceptionTranslationFilter@69e23e94, org.springframework.security.web.access.intercept.FilterSecurityInterceptor@280f061e]
2022-12-10 20:56:06.405  WARN 12104 --- [    Test worker] JpaBaseConfiguration$JpaWebConfiguration : spring.jpa.open-in-view is enabled by default. Therefore, database queries may be performed during view rendering. Explicitly configure spring.jpa.open-in-view to disable this warning
2022-12-10 20:56:07.258  INFO 12104 --- [    Test worker] o.s.b.a.h2.H2ConsoleAutoConfiguration    : H2 console available at '/h2'. Database available at 'jdbc:h2:mem://localhost/~/testdb'
2022-12-10 20:56:07.295  INFO 12104 --- [    Test worker] o.s.b.a.w.s.WelcomePageHandlerMapping    : Adding welcome page template: index
2022-12-10 20:56:08.288  INFO 12104 --- [    Test worker] s.a.ScheduledAnnotationBeanPostProcessor : No TaskScheduler/ScheduledExecutorService bean found for scheduled processing
2022-12-10 20:56:08.323  INFO 12104 --- [    Test worker] c.e.s.SpringBootAwsApplicationTests      : Started SpringBootAwsApplicationTests in 7.45 seconds (JVM running for 12.502)
]]></system-out>
  <system-err><![CDATA[]]></system-err>
</testsuite>
