<?xml version="1.0" encoding="UTF-8"?>
<testsuite name="com.example.springBootaws.web.IndexControllerTest" tests="1" skipped="0" failures="0" errors="0" timestamp="2022-12-07T08:39:55" hostname="HSJ" time="0.573">
  <properties/>
  <testcase name="메인페이지_로딩()" classname="com.example.springBootaws.web.IndexControllerTest" time="0.573"/>
  <system-out><![CDATA[17:39:47.456 [Test worker] DEBUG org.springframework.test.context.BootstrapUtils - Instantiating CacheAwareContextLoaderDelegate from class [org.springframework.test.context.cache.DefaultCacheAwareContextLoaderDelegate]
17:39:47.470 [Test worker] DEBUG org.springframework.test.context.BootstrapUtils - Instantiating BootstrapContext using constructor [public org.springframework.test.context.support.DefaultBootstrapContext(java.lang.Class,org.springframework.test.context.CacheAwareContextLoaderDelegate)]
17:39:47.519 [Test worker] DEBUG org.springframework.test.context.BootstrapUtils - Instantiating TestContextBootstrapper for test class [com.example.springBootaws.web.IndexControllerTest] from class [org.springframework.boot.test.context.SpringBootTestContextBootstrapper]
17:39:47.539 [Test worker] INFO org.springframework.boot.test.context.SpringBootTestContextBootstrapper - Neither @ContextConfiguration nor @ContextHierarchy found for test class [com.example.springBootaws.web.IndexControllerTest], using SpringBootContextLoader
17:39:47.544 [Test worker] DEBUG org.springframework.test.context.support.AbstractContextLoader - Did not detect default resource location for test class [com.example.springBootaws.web.IndexControllerTest]: class path resource [com/example/springBootaws/web/IndexControllerTest-context.xml] does not exist
17:39:47.545 [Test worker] DEBUG org.springframework.test.context.support.AbstractContextLoader - Did not detect default resource location for test class [com.example.springBootaws.web.IndexControllerTest]: class path resource [com/example/springBootaws/web/IndexControllerTestContext.groovy] does not exist
17:39:47.545 [Test worker] INFO org.springframework.test.context.support.AbstractContextLoader - Could not detect default resource locations for test class [com.example.springBootaws.web.IndexControllerTest]: no resource found for suffixes {-context.xml, Context.groovy}.
17:39:47.546 [Test worker] INFO org.springframework.test.context.support.AnnotationConfigContextLoaderUtils - Could not detect default configuration classes for test class [com.example.springBootaws.web.IndexControllerTest]: IndexControllerTest does not declare any static, non-private, non-final, nested classes annotated with @Configuration.
17:39:47.615 [Test worker] DEBUG org.springframework.test.context.support.ActiveProfilesUtils - Could not find an 'annotation declaring class' for annotation type [org.springframework.test.context.ActiveProfiles] and class [com.example.springBootaws.web.IndexControllerTest]
17:39:47.755 [Test worker] DEBUG org.springframework.context.annotation.ClassPathScanningCandidateComponentProvider - Identified candidate component class: file [C:\Users\hsj99\SpringBoot_Aws\springBoot-aws\build\classes\java\main\com\example\springBootaws\SpringBootAwsApplication.class]
17:39:47.757 [Test worker] INFO org.springframework.boot.test.context.SpringBootTestContextBootstrapper - Found @SpringBootConfiguration com.example.springBootaws.SpringBootAwsApplication for test class com.example.springBootaws.web.IndexControllerTest
17:39:47.917 [Test worker] DEBUG org.springframework.boot.test.context.SpringBootTestContextBootstrapper - @TestExecutionListeners is not present for class [com.example.springBootaws.web.IndexControllerTest]: using defaults.
17:39:47.918 [Test worker] INFO org.springframework.boot.test.context.SpringBootTestContextBootstrapper - Loaded default TestExecutionListener class names from location [META-INF/spring.factories]: [org.springframework.boot.test.autoconfigure.restdocs.RestDocsTestExecutionListener, org.springframework.boot.test.autoconfigure.web.client.MockRestServiceServerResetTestExecutionListener, org.springframework.boot.test.autoconfigure.web.servlet.MockMvcPrintOnlyOnFailureTestExecutionListener, org.springframework.boot.test.autoconfigure.web.servlet.WebDriverTestExecutionListener, org.springframework.boot.test.autoconfigure.webservices.client.MockWebServiceServerTestExecutionListener, org.springframework.boot.test.mock.mockito.MockitoTestExecutionListener, org.springframework.boot.test.mock.mockito.ResetMocksTestExecutionListener, org.springframework.test.context.web.ServletTestExecutionListener, org.springframework.test.context.support.DirtiesContextBeforeModesTestExecutionListener, org.springframework.test.context.event.ApplicationEventsTestExecutionListener, org.springframework.test.context.support.DependencyInjectionTestExecutionListener, org.springframework.test.context.support.DirtiesContextTestExecutionListener, org.springframework.test.context.transaction.TransactionalTestExecutionListener, org.springframework.test.context.jdbc.SqlScriptsTestExecutionListener, org.springframework.test.context.event.EventPublishingTestExecutionListener]
17:39:47.941 [Test worker] INFO org.springframework.boot.test.context.SpringBootTestContextBootstrapper - Using TestExecutionListeners: [org.springframework.test.context.web.ServletTestExecutionListener@64b31700, org.springframework.test.context.support.DirtiesContextBeforeModesTestExecutionListener@3b65e559, org.springframework.test.context.event.ApplicationEventsTestExecutionListener@bae47a0, org.springframework.boot.test.mock.mockito.MockitoTestExecutionListener@74a9c4b0, org.springframework.boot.test.autoconfigure.SpringBootDependencyInjectionTestExecutionListener@85ec632, org.springframework.test.context.support.DirtiesContextTestExecutionListener@1c05a54d, org.springframework.test.context.transaction.TransactionalTestExecutionListener@65ef722a, org.springframework.test.context.jdbc.SqlScriptsTestExecutionListener@5fd9b663, org.springframework.test.context.event.EventPublishingTestExecutionListener@214894fc, org.springframework.boot.test.autoconfigure.restdocs.RestDocsTestExecutionListener@10567255, org.springframework.boot.test.autoconfigure.web.client.MockRestServiceServerResetTestExecutionListener@e362c57, org.springframework.boot.test.autoconfigure.web.servlet.MockMvcPrintOnlyOnFailureTestExecutionListener@1c4ee95c, org.springframework.boot.test.autoconfigure.web.servlet.WebDriverTestExecutionListener@79c4715d, org.springframework.boot.test.autoconfigure.webservices.client.MockWebServiceServerTestExecutionListener@5aa360ea, org.springframework.boot.test.mock.mockito.ResetMocksTestExecutionListener@6548bb7d]
17:39:47.945 [Test worker] DEBUG org.springframework.test.context.support.AbstractDirtiesContextTestExecutionListener - Before test class: context [DefaultTestContext@17ae98d7 testClass = IndexControllerTest, testInstance = [null], testMethod = [null], testException = [null], mergedContextConfiguration = [WebMergedContextConfiguration@59221b97 testClass = IndexControllerTest, locations = '{}', classes = '{class com.example.springBootaws.SpringBootAwsApplication}', contextInitializerClasses = '[]', activeProfiles = '{}', propertySourceLocations = '{}', propertySourceProperties = '{org.springframework.boot.test.context.SpringBootTestContextBootstrapper=true, server.port=0}', contextCustomizers = set[org.springframework.boot.test.autoconfigure.actuate.metrics.MetricsExportContextCustomizerFactory$DisableMetricExportContextCustomizer@328cf0e1, org.springframework.boot.test.autoconfigure.properties.PropertyMappingContextCustomizer@0, org.springframework.boot.test.autoconfigure.web.servlet.WebDriverContextCustomizerFactory$Customizer@14b030a0, org.springframework.boot.test.context.filter.ExcludeFilterContextCustomizer@56bca85b, org.springframework.boot.test.json.DuplicateJsonObjectContextCustomizerFactory$DuplicateJsonObjectContextCustomizer@22b53226, org.springframework.boot.test.mock.mockito.MockitoContextCustomizer@0, org.springframework.boot.test.web.client.TestRestTemplateContextCustomizer@306851c7, org.springframework.boot.test.context.SpringBootTestArgs@1, org.springframework.boot.test.context.SpringBootTestWebEnvironment@48b67364], resourceBasePath = 'src/main/webapp', contextLoader = 'org.springframework.boot.test.context.SpringBootContextLoader', parent = [null]], attributes = map['org.springframework.test.context.web.ServletTestExecutionListener.activateListener' -> false]], class annotated with @DirtiesContext [false] with mode [null].
17:39:47.959 [Test worker] DEBUG org.springframework.test.context.support.DependencyInjectionTestExecutionListener - Performing dependency injection for test context [[DefaultTestContext@17ae98d7 testClass = IndexControllerTest, testInstance = com.example.springBootaws.web.IndexControllerTest@130a0f66, testMethod = [null], testException = [null], mergedContextConfiguration = [WebMergedContextConfiguration@59221b97 testClass = IndexControllerTest, locations = '{}', classes = '{class com.example.springBootaws.SpringBootAwsApplication}', contextInitializerClasses = '[]', activeProfiles = '{}', propertySourceLocations = '{}', propertySourceProperties = '{org.springframework.boot.test.context.SpringBootTestContextBootstrapper=true, server.port=0}', contextCustomizers = set[org.springframework.boot.test.autoconfigure.actuate.metrics.MetricsExportContextCustomizerFactory$DisableMetricExportContextCustomizer@328cf0e1, org.springframework.boot.test.autoconfigure.properties.PropertyMappingContextCustomizer@0, org.springframework.boot.test.autoconfigure.web.servlet.WebDriverContextCustomizerFactory$Customizer@14b030a0, org.springframework.boot.test.context.filter.ExcludeFilterContextCustomizer@56bca85b, org.springframework.boot.test.json.DuplicateJsonObjectContextCustomizerFactory$DuplicateJsonObjectContextCustomizer@22b53226, org.springframework.boot.test.mock.mockito.MockitoContextCustomizer@0, org.springframework.boot.test.web.client.TestRestTemplateContextCustomizer@306851c7, org.springframework.boot.test.context.SpringBootTestArgs@1, org.springframework.boot.test.context.SpringBootTestWebEnvironment@48b67364], resourceBasePath = 'src/main/webapp', contextLoader = 'org.springframework.boot.test.context.SpringBootContextLoader', parent = [null]], attributes = map['org.springframework.test.context.web.ServletTestExecutionListener.activateListener' -> false, 'org.springframework.test.context.event.ApplicationEventsTestExecutionListener.recordApplicationEvents' -> false]]].

  .   ____          _            __ _ _
 /\\ / ___'_ __ _ _(_)_ __  __ _ \ \ \ \
( ( )\___ | '_ | '_| | '_ \/ _` | \ \ \ \
 \\/  ___)| |_)| | | | | || (_| |  ) ) ) )
  '  |____| .__|_| |_|_| |_\__, | / / / /
 =========|_|==============|___/=/_/_/_/
 :: Spring Boot ::                (v2.7.1)

2022-12-07 17:39:48.509  INFO 154416 --- [    Test worker] c.e.s.web.IndexControllerTest            : Starting IndexControllerTest using Java 11.0.15 on hsj with PID 154416 (started by hsj99 in C:\Users\hsj99\SpringBoot_Aws\springBoot-aws)
2022-12-07 17:39:48.511  INFO 154416 --- [    Test worker] c.e.s.web.IndexControllerTest            : No active profile set, falling back to 1 default profile: "default"
2022-12-07 17:39:49.574  INFO 154416 --- [    Test worker] .s.d.r.c.RepositoryConfigurationDelegate : Bootstrapping Spring Data JPA repositories in DEFAULT mode.
2022-12-07 17:39:49.661  INFO 154416 --- [    Test worker] .s.d.r.c.RepositoryConfigurationDelegate : Finished Spring Data repository scanning in 75 ms. Found 1 JPA repository interfaces.
2022-12-07 17:39:50.690  INFO 154416 --- [    Test worker] o.s.b.w.embedded.tomcat.TomcatWebServer  : Tomcat initialized with port(s): 0 (http)
2022-12-07 17:39:50.710  INFO 154416 --- [    Test worker] o.apache.catalina.core.StandardService   : Starting service [Tomcat]
2022-12-07 17:39:50.711  INFO 154416 --- [    Test worker] org.apache.catalina.core.StandardEngine  : Starting Servlet engine: [Apache Tomcat/9.0.64]
2022-12-07 17:39:50.980  INFO 154416 --- [    Test worker] o.a.c.c.C.[Tomcat].[localhost].[/]       : Initializing Spring embedded WebApplicationContext
2022-12-07 17:39:50.980  INFO 154416 --- [    Test worker] w.s.c.ServletWebServerApplicationContext : Root WebApplicationContext: initialization completed in 2437 ms
2022-12-07 17:39:51.058  INFO 154416 --- [    Test worker] com.zaxxer.hikari.HikariDataSource       : HikariPool-1 - Starting...
2022-12-07 17:39:51.448  INFO 154416 --- [    Test worker] com.zaxxer.hikari.HikariDataSource       : HikariPool-1 - Start completed.
2022-12-07 17:39:51.471  INFO 154416 --- [    Test worker] o.s.b.a.h2.H2ConsoleAutoConfiguration    : H2 console available at '/h2'. Database available at 'jdbc:h2:mem:testdb'
2022-12-07 17:39:51.851  INFO 154416 --- [    Test worker] o.hibernate.jpa.internal.util.LogHelper  : HHH000204: Processing PersistenceUnitInfo [name: default]
2022-12-07 17:39:51.952  INFO 154416 --- [    Test worker] org.hibernate.Version                    : HHH000412: Hibernate ORM core version 5.6.9.Final
2022-12-07 17:39:52.286  INFO 154416 --- [    Test worker] o.hibernate.annotations.common.Version   : HCANN000001: Hibernate Commons Annotations {5.1.2.Final}
2022-12-07 17:39:52.553  INFO 154416 --- [    Test worker] org.hibernate.dialect.Dialect            : HHH000400: Using dialect: org.hibernate.dialect.H2Dialect
Hibernate: 
    
    drop table if exists post CASCADE 
Hibernate: 
    
    create table post (
       id bigint generated by default as identity,
        create_date timestamp,
        modified_date timestamp,
        author varchar(255) not null,
        content clob not null,
        title varchar(500) not null,
        primary key (id)
    )
2022-12-07 17:39:53.535  INFO 154416 --- [    Test worker] o.h.e.t.j.p.i.JtaPlatformInitiator       : HHH000490: Using JtaPlatform implementation: [org.hibernate.engine.transaction.jta.platform.internal.NoJtaPlatform]
2022-12-07 17:39:53.549  INFO 154416 --- [    Test worker] j.LocalContainerEntityManagerFactoryBean : Initialized JPA EntityManagerFactory for persistence unit 'default'
2022-12-07 17:39:54.162  WARN 154416 --- [    Test worker] JpaBaseConfiguration$JpaWebConfiguration : spring.jpa.open-in-view is enabled by default. Therefore, database queries may be performed during view rendering. Explicitly configure spring.jpa.open-in-view to disable this warning
2022-12-07 17:39:54.616  INFO 154416 --- [    Test worker] o.s.b.a.w.s.WelcomePageHandlerMapping    : Adding welcome page template: index
2022-12-07 17:39:55.403  INFO 154416 --- [    Test worker] o.s.b.w.embedded.tomcat.TomcatWebServer  : Tomcat started on port(s): 50463 (http) with context path ''
2022-12-07 17:39:55.416  INFO 154416 --- [    Test worker] c.e.s.web.IndexControllerTest            : Started IndexControllerTest in 7.422 seconds (JVM running for 9.794)
2022-12-07 17:39:55.794  INFO 154416 --- [o-auto-1-exec-1] o.a.c.c.C.[Tomcat].[localhost].[/]       : Initializing Spring DispatcherServlet 'dispatcherServlet'
2022-12-07 17:39:55.795  INFO 154416 --- [o-auto-1-exec-1] o.s.web.servlet.DispatcherServlet        : Initializing Servlet 'dispatcherServlet'
2022-12-07 17:39:55.796  INFO 154416 --- [o-auto-1-exec-1] o.s.web.servlet.DispatcherServlet        : Completed initialization in 1 ms
]]></system-out>
  <system-err><![CDATA[]]></system-err>
</testsuite>
