<?xml version="1.0" encoding="UTF-8"?>
<testsuite name="com.example.springBootaws.SpringBootAwsApplicationTests" tests="1" skipped="0" failures="0" errors="0" timestamp="2022-12-08T15:34:19" hostname="HSJ" time="0.02">
  <properties/>
  <testcase name="contextLoads()" classname="com.example.springBootaws.SpringBootAwsApplicationTests" time="0.02"/>
  <system-out><![CDATA[]]></system-out>
  <system-err><![CDATA[]]></system-err>
</testsuite>
